mcf.co.jp--20161217 04:44:02:(N)>>asdfasdfasdfasfdasdf

mcf.co.jp--20161217 04:45:56:(N)>>@@@@

mcf.co.jp--20161217 04:48:02:(N)>>sd

mcf.co.jp--20161217 04:48:35:(N)>>nick_name=Ryoma
,sex=1
,password=lmc624
,icon=@/Users/LiuMingchuan/Ryoma/WorkSpace/PHP/MCF/APP/mcf.co.jp/1.png

mcf.co.jp--20161217 04:49:36:(N)>>
mcf.co.jp--20161217 04:50:59:(N)>>
mcf.co.jp--20161217 04:52:39:(N)>>
mcf.co.jp--20161217 04:52:40:(N)>>
mcf.co.jp--20161217 04:52:41:(N)>>
mcf.co.jp--20161217 04:52:42:(N)>>
mcf.co.jp--20161217 04:57:48:(N)>>
mcf.co.jp--20161217 04:57:54:(N)>>
mcf.co.jp--20161217 04:58:00:(N)>>
mcf.co.jp--20161217 04:58:33:(N)>>

mcf.co.jp--20161217 04:58:41:(N)>>

mcf.co.jp--20161217 04:58:41:(N)>>

mcf.co.jp--20161217 04:58:42:(N)>>

mcf.co.jp--20161217 04:58:42:(N)>>

mcf.co.jp--20161217 04:58:42:(N)>>

mcf.co.jp--20161217 04:58:42:(N)>>

mcf.co.jp--20161217 04:58:42:(N)>>

mcf.co.jp--20161217 04:58:42:(N)>>

mcf.co.jp--20161217 04:58:42:(N)>>

mcf.co.jp--20161217 04:58:42:(N)>>

mcf.co.jp--20161217 04:58:42:(N)>>

mcf.co.jp--20161217 04:58:42:(N)>>

mcf.co.jp--20161217 04:59:04:(N)>>

mcf.co.jp--20161217 04:59:04:(N)>>

mcf.co.jp--20161217 04:59:38:(N)>>

mcf.co.jp--20161217 04:59:44:(N)>>

